Using pre-set license
Built from '2020.3/release' branch; Version is '2020.3.7f1 (dd97f2c94397) revision 14522354'; Using compiler version '192528614'; Build Type 'Release'
OS: 'Windows 10 Home; OS build 19043.1165; Version 2009; 64bit' Language: 'en' Physical Memory: 16336 MB
BatchMode: 1, IsHumanControllingUs: 0, StartBugReporterOnCrash: 0, Is64bit: 1, IsPro: 0

 COMMAND LINE ARGUMENTS:
C:\Program Files\Unity\Hub\Editor\2020.3.7f1\Editor\Unity.exe
-adb2
-batchMode
-noUpm
-name
AssetImportWorker0
-projectPath
C:/Users/Jordan/Desktop/Unity Projects/Learning Environment
-logFile
Logs/AssetImportWorker0.log
-srvPort
62702
Successfully changed project path to: C:/Users/Jordan/Desktop/Unity Projects/Learning Environment
C:/Users/Jordan/Desktop/Unity Projects/Learning Environment
Using Asset Import Pipeline V2.
Refreshing native plugins compatible for Editor in 24.18 ms, found 0 plugins.
Preloading 0 native plugins for Editor in 0.00 ms.
Initialize engine version: 2020.3.7f1 (dd97f2c94397)
[Subsystems] Discovering subsystems at path C:/Program Files/Unity/Hub/Editor/2020.3.7f1/Editor/Data/Resources/UnitySubsystems
[Subsystems] Discovering subsystems at path C:/Users/Jordan/Desktop/Unity Projects/Learning Environment/Assets
GfxDevice: creating device client; threaded=0
Direct3D:
    Version:  Direct3D 11.0 [level 11.1]
    Renderer: NVIDIA GeForce GTX 1070 (ID=0x1b81)
    Vendor:   
    VRAM:     8088 MB
    Driver:   30.0.14.7168
Initialize mono
Mono path[0] = 'C:/Program Files/Unity/Hub/Editor/2020.3.7f1/Editor/Data/Managed'
Mono path[1] = 'C:/Program Files/Unity/Hub/Editor/2020.3.7f1/Editor/Data/MonoBleedingEdge/lib/mono/unityjit'
Mono config path = 'C:/Program Files/Unity/Hub/Editor/2020.3.7f1/Editor/Data/MonoBleedingEdge/etc'
Using monoOptions --debugger-agent=transport=dt_socket,embedding=1,server=y,suspend=n,address=127.0.0.1:56720
Begin MonoManager ReloadAssembly
Registering precompiled unity dll's ...
Register platform support module: C:/Program Files/Unity/Hub/Editor/2020.3.7f1/Editor/Data/PlaybackEngines/WindowsStandaloneSupport/UnityEditor.WindowsStandalone.Extensions.dll
Registered in 0.001935 seconds.
Native extension for WindowsStandalone target not found
Refreshing native plugins compatible for Editor in 25.29 ms, found 0 plugins.
Preloading 0 native plugins for Editor in 0.00 ms.
Mono: successfully reloaded assembly
- Completed reload, in  1.110 seconds
Platform modules already initialized, skipping
Registering precompiled user dll's ...
Registered in 0.000658 seconds.
Begin MonoManager ReloadAssembly
Native extension for WindowsStandalone target not found
Refreshing native plugins compatible for Editor in 0.20 ms, found 0 plugins.
Preloading 0 native plugins for Editor in 0.00 ms.
Mono: successfully reloaded assembly
- Completed reload, in  0.896 seconds
Platform modules already initialized, skipping
========================================================================
Worker process is ready to serve import requests
Launched and connected shader compiler UnityShaderCompiler.exe after 0.04 seconds
Refreshing native plugins compatible for Editor in 0.19 ms, found 0 plugins.
Preloading 0 native plugins for Editor in 0.00 ms.
Unloading 1123 Unused Serialized files (Serialized files now loaded: 0)
System memory in use before: 57.3 MB.
System memory in use after: 57.4 MB.

Unloading 10 unused Assets to reduce memory usage. Loaded Objects now: 1565.
Total: 2.205400 ms (FindLiveObjects: 0.210700 ms CreateObjectMapping: 0.065500 ms MarkObjects: 1.816900 ms  DeleteObjects: 0.111100 ms)

========================================================================
Received Import Request.
  path: Assets/Scripts/Loops/LoopsTesting.cs
  artifactKey: Guid(5f02f1eafd3793041b2f0b107b5064cf) Importer(815301076,1909f56bfc062723c751e8b465ee728b)
Start importing Assets/Scripts/Loops/LoopsTesting.cs using Guid(5f02f1eafd3793041b2f0b107b5064cf) Importer(815301076,1909f56bfc062723c751e8b465ee728b)  -> (artifact id: '73088bf4f1fd14f0d0d44b4188553dc8') in 0.036071 seconds
  Import took 0.037968 seconds .

========================================================================
Received Import Request.
  Time since last request: 17.919148 seconds.
  path: Assets/Scripts/Value and Reference Types
  artifactKey: Guid(3f572510460a9c74ba02085ab8b99204) Importer(815301076,1909f56bfc062723c751e8b465ee728b)
Start importing Assets/Scripts/Value and Reference Types using Guid(3f572510460a9c74ba02085ab8b99204) Importer(815301076,1909f56bfc062723c751e8b465ee728b)  -> (artifact id: '7243354a4bbf61dbc7f0f0a9df7b2c41') in 0.008606 seconds
  Import took 0.012084 seconds .

========================================================================
Received Import Request.
  Time since last request: 19.849943 seconds.
  path: Assets/Scripts/Value and Reference Types/ValueReferenceTypes.cs
  artifactKey: Guid(53b585ab16f2e6b4c9779bf485381a13) Importer(815301076,1909f56bfc062723c751e8b465ee728b)
Start importing Assets/Scripts/Value and Reference Types/ValueReferenceTypes.cs using Guid(53b585ab16f2e6b4c9779bf485381a13) Importer(815301076,1909f56bfc062723c751e8b465ee728b)  -> (artifact id: '66661500938702345832aee7c8f15a56') in 0.014347 seconds
  Import took 0.017801 seconds .

========================================================================
Received Prepare
Registering precompiled user dll's ...
Registered in 0.000605 seconds.
Begin MonoManager ReloadAssembly
Native extension for WindowsStandalone target not found
Refreshing native plugins compatible for Editor in 0.21 ms, found 0 plugins.
Preloading 0 native plugins for Editor in 0.00 ms.
Mono: successfully reloaded assembly
- Completed reload, in  0.973 seconds
Platform modules already initialized, skipping
Refreshing native plugins compatible for Editor in 0.31 ms, found 0 plugins.
Preloading 0 native plugins for Editor in 0.00 ms.
Unloading 1119 Unused Serialized files (Serialized files now loaded: 0)
System memory in use before: 57.3 MB.
System memory in use after: 57.3 MB.

Unloading 5 unused Assets to reduce memory usage. Loaded Objects now: 1569.
Total: 1.626400 ms (FindLiveObjects: 0.123300 ms CreateObjectMapping: 0.033900 ms MarkObjects: 1.415700 ms  DeleteObjects: 0.052400 ms)

========================================================================
Received Prepare
Registering precompiled user dll's ...
Registered in 0.000735 seconds.
Begin MonoManager ReloadAssembly
Native extension for WindowsStandalone target not found
Refreshing native plugins compatible for Editor in 0.20 ms, found 0 plugins.
Preloading 0 native plugins for Editor in 0.00 ms.
Mono: successfully reloaded assembly
- Completed reload, in  0.904 seconds
Platform modules already initialized, skipping
Refreshing native plugins compatible for Editor in 0.20 ms, found 0 plugins.
Preloading 0 native plugins for Editor in 0.00 ms.
Unloading 1119 Unused Serialized files (Serialized files now loaded: 0)
System memory in use before: 57.3 MB.
System memory in use after: 57.4 MB.

Unloading 5 unused Assets to reduce memory usage. Loaded Objects now: 1572.
Total: 1.612600 ms (FindLiveObjects: 0.133900 ms CreateObjectMapping: 0.040000 ms MarkObjects: 1.349900 ms  DeleteObjects: 0.087400 ms)

========================================================================
Received Import Request.
  Time since last request: 871.265058 seconds.
  path: Assets/Scripts/Value and Reference Types/ValueReferenceTypes.cs
  artifactKey: Guid(53b585ab16f2e6b4c9779bf485381a13) Importer(815301076,1909f56bfc062723c751e8b465ee728b)
Start importing Assets/Scripts/Value and Reference Types/ValueReferenceTypes.cs using Guid(53b585ab16f2e6b4c9779bf485381a13) Importer(815301076,1909f56bfc062723c751e8b465ee728b)  -> (artifact id: 'aa8d871c00fcb4f005837aaef23aad2b') in 0.004894 seconds
  Import took 0.006809 seconds .

